Using pre-set license
Built from '6000.0/staging' branch; Version is '6000.0.32f1 (b2e806cf271c) revision 11724806'; Using compiler version '193933523'; Build Type 'Release'
OS: 'Windows 10  (10.0.19042) 64bit CoreSingleLanguage' Language: 'tr' Physical Memory: 8106 MB
BatchMode: 1, IsHumanControllingUs: 0, StartBugReporterOnCrash: 0, Is64bit: 1, IsPro: 1

COMMAND LINE ARGUMENTS:
C:\6000.0.32f1\Editor\Unity.exe
-adb2
-batchMode
-noUpm
-name
AssetImportWorker1
-projectPath
C:/Users/User/DolandirJAM/DolandirJAM
-logFile
Logs/AssetImportWorker1.log
-srvPort
50520
-job-worker-count
1
-background-job-worker-count
8
-gc-helper-count
1
Successfully changed project path to: C:/Users/User/DolandirJAM/DolandirJAM
C:/Users/User/DolandirJAM/DolandirJAM
[UnityMemory] Configuration Parameters - Can be set up in boot.config
    "memorysetup-bucket-allocator-granularity=16"
    "memorysetup-bucket-allocator-bucket-count=8"
    "memorysetup-bucket-allocator-block-size=33554432"
    "memorysetup-bucket-allocator-block-count=8"
    "memorysetup-main-allocator-block-size=16777216"
    "memorysetup-thread-allocator-block-size=16777216"
    "memorysetup-gfx-main-allocator-block-size=16777216"
    "memorysetup-gfx-thread-allocator-block-size=16777216"
    "memorysetup-cache-allocator-block-size=4194304"
    "memorysetup-typetree-allocator-block-size=2097152"
    "memorysetup-profiler-bucket-allocator-granularity=16"
    "memorysetup-profiler-bucket-allocator-bucket-count=8"
    "memorysetup-profiler-bucket-allocator-block-size=33554432"
    "memorysetup-profiler-bucket-allocator-block-count=8"
    "memorysetup-profiler-allocator-block-size=16777216"
    "memorysetup-profiler-editor-allocator-block-size=1048576"
    "memorysetup-temp-allocator-size-main=16777216"
    "memorysetup-job-temp-allocator-block-size=2097152"
    "memorysetup-job-temp-allocator-block-size-background=1048576"
    "memorysetup-job-temp-allocator-reduction-small-platforms=262144"
    "memorysetup-allocator-temp-initial-block-size-main=262144"
    "memorysetup-allocator-temp-initial-block-size-worker=262144"
    "memorysetup-temp-allocator-size-background-worker=32768"
    "memorysetup-temp-allocator-size-job-worker=262144"
    "memorysetup-temp-allocator-size-preload-manager=33554432"
    "memorysetup-temp-allocator-size-nav-mesh-worker=65536"
    "memorysetup-temp-allocator-size-audio-worker=65536"
    "memorysetup-temp-allocator-size-cloud-worker=32768"
    "memorysetup-temp-allocator-size-gi-baking-worker=262144"
    "memorysetup-temp-allocator-size-gi-baking-worker=262144"
    "memorysetup-temp-allocator-size-gi-baking-worker=262144"
    "memorysetup-temp-allocator-size-gi-baking-worker=262144"
    "memorysetup-temp-allocator-size-gi-baking-worker=262144"
    "memorysetup-temp-allocator-size-gfx=262144"
Player connection [8140]  Target information:

Player connection [8140]  * "[IP] 10.200.125.182 [Port] 0 [Flags] 2 [Guid] 3716219471 [EditorId] 3716219471 [Version] 1048832 [Id] WindowsEditor(7,DESKTOP-48DF9R6) [Debug] 1 [PackageName] WindowsEditor [ProjectName] Editor" 

Player connection [8140]  * "[IP] 192.168.56.1 [Port] 0 [Flags] 2 [Guid] 3716219471 [EditorId] 3716219471 [Version] 1048832 [Id] WindowsEditor(7,DESKTOP-48DF9R6) [Debug] 1 [PackageName] WindowsEditor [ProjectName] Editor" 

Player connection [8140] Host joined multi-casting on [225.0.0.222:54997]...
Player connection [8140] Host joined alternative multi-casting on [225.0.0.222:34997]...
JobSystem: Creating JobQueue using job-worker-count value 1
[Physics::Module] Initialized fallback backend.
[Physics::Module] Id: 0xdecafbad
Library Redirect Path: Library/
[Physics::Module] Selected backend.
[Physics::Module] Name: PhysX
[Physics::Module] Id: 0xf2b8ea05
[Physics::Module] SDK Version: 4.1.2
[Physics::Module] Integration Version: 1.0.0
[Physics::Module] Threading Mode: Multi-Threaded
Refreshing native plugins compatible for Editor in 11.16 ms, found 4 plugins.
Preloading 0 native plugins for Editor in 0.00 ms.
Initialize engine version: 6000.0.32f1 (b2e806cf271c)
[Subsystems] Discovering subsystems at path C:/6000.0.32f1/Editor/Data/Resources/UnitySubsystems
[Subsystems] Discovering subsystems at path C:/Users/User/DolandirJAM/DolandirJAM/Assets
GfxDevice: creating device client; kGfxThreadingModeNonThreaded
Direct3D:
    Version:  Direct3D 11.0 [level 11.0]
    Renderer: NVIDIA GeForce 930M (ID=0x1346)
    Vendor:   NVIDIA
    VRAM:     2001 MB
    Driver:   32.0.15.6636
Shader Hidden/ProbeVolume/VoxelizeScene is not supported: GPU does not support conservative rasterization
Initialize mono
Mono path[0] = 'C:/6000.0.32f1/Editor/Data/Managed'
Mono path[1] = 'C:/6000.0.32f1/Editor/Data/MonoBleedingEdge/lib/mono/unityjit-win32'
Mono config path = 'C:/6000.0.32f1/Editor/Data/MonoBleedingEdge/etc'
Using monoOptions --debugger-agent=transport=dt_socket,embedding=1,server=y,suspend=n,address=127.0.0.1:56528
Begin MonoManager ReloadAssembly
Registering precompiled unity dll's ...
Register platform support module: C:/6000.0.32f1/Editor/Data/PlaybackEngines/WindowsStandaloneSupport/UnityEditor.WindowsStandalone.Extensions.dll
Registered in 0.012403 seconds.
- Loaded All Assemblies, in  1.979 seconds
Native extension for WindowsStandalone target not found
Mono: successfully reloaded assembly
- Finished resetting the current domain, in  2.146 seconds
Domain Reload Profiling: 4112ms
	BeginReloadAssembly (731ms)
		ExecutionOrderSort (0ms)
		DisableScriptedObjects (0ms)
		BackupInstance (0ms)
		ReleaseScriptingObjects (0ms)
		CreateAndSetChildDomain (5ms)
	RebuildCommonClasses (145ms)
	RebuildNativeTypeToScriptingClass (46ms)
	initialDomainReloadingComplete (192ms)
	LoadAllAssembliesAndSetupDomain (850ms)
		LoadAssemblies (707ms)
		RebuildTransferFunctionScriptingTraits (0ms)
		AnalyzeDomain (838ms)
			TypeCache.Refresh (834ms)
				TypeCache.ScanAssembly (786ms)
			BuildScriptInfoCaches (0ms)
			ResolveRequiredComponents (2ms)
	FinalizeReload (2148ms)
		ReleaseScriptCaches (0ms)
		RebuildScriptCaches (0ms)
		SetupLoadedEditorAssemblies (1881ms)
			LogAssemblyErrors (0ms)
			InitializePlatformSupportModulesInManaged (98ms)
			SetLoadedEditorAssemblies (15ms)
			BeforeProcessingInitializeOnLoad (245ms)
			ProcessInitializeOnLoadAttributes (922ms)
			ProcessInitializeOnLoadMethodAttributes (600ms)
			AfterProcessingInitializeOnLoad (0ms)
			EditorAssembliesLoaded (0ms)
		ExecutionOrderSort2 (0ms)
		AwakeInstancesAfterBackupRestoration (0ms)
========================================================================
Worker process is ready to serve import requests
Import Worker Mode flag is 0x00
Begin MonoManager ReloadAssembly
- Loaded All Assemblies, in 19.403 seconds
Refreshing native plugins compatible for Editor in 17.64 ms, found 4 plugins.
Native extension for WindowsStandalone target not found
Mono: successfully reloaded assembly
- Finished resetting the current domain, in  7.106 seconds
Domain Reload Profiling: 26404ms
	BeginReloadAssembly (2035ms)
		ExecutionOrderSort (0ms)
		DisableScriptedObjects (46ms)
		BackupInstance (0ms)
		ReleaseScriptingObjects (0ms)
		CreateAndSetChildDomain (90ms)
	RebuildCommonClasses (6615ms)
	RebuildNativeTypeToScriptingClass (4311ms)
	initialDomainReloadingComplete (672ms)
	LoadAllAssembliesAndSetupDomain (5661ms)
		LoadAssemblies (4201ms)
		RebuildTransferFunctionScriptingTraits (0ms)
		AnalyzeDomain (3175ms)
			TypeCache.Refresh (1942ms)
				TypeCache.ScanAssembly (1680ms)
			BuildScriptInfoCaches (1009ms)
			ResolveRequiredComponents (210ms)
	FinalizeReload (7110ms)
		ReleaseScriptCaches (0ms)
		RebuildScriptCaches (0ms)
		SetupLoadedEditorAssemblies (5909ms)
			LogAssemblyErrors (0ms)
			InitializePlatformSupportModulesInManaged (10ms)
			SetLoadedEditorAssemblies (27ms)
			BeforeProcessingInitializeOnLoad (988ms)
			ProcessInitializeOnLoadAttributes (3903ms)
			ProcessInitializeOnLoadMethodAttributes (912ms)
			AfterProcessingInitializeOnLoad (68ms)
			EditorAssembliesLoaded (1ms)
		ExecutionOrderSort2 (0ms)
		AwakeInstancesAfterBackupRestoration (44ms)
Shader Hidden/ProbeVolume/VoxelizeScene is not supported: GPU does not support conservative rasterization
Launched and connected shader compiler UnityShaderCompiler.exe after 0.09 seconds
Refreshing native plugins compatible for Editor in 15.79 ms, found 4 plugins.
Preloading 0 native plugins for Editor in 0.00 ms.
Unloading 213 Unused Serialized files (Serialized files now loaded: 0)
Unloading 6743 unused Assets / (5.8 MB). Loaded Objects now: 7436.
Memory consumption went from 167.2 MB to 161.4 MB.
Total: 50.369800 ms (FindLiveObjects: 2.750700 ms CreateObjectMapping: 3.232800 ms MarkObjects: 21.415000 ms  DeleteObjects: 22.968200 ms)

========================================================================
Received Import Request.
  Time since last request: 520719.848130 seconds.
  path: Assets/SONAT/MapPalette.prefab
  artifactKey: Guid(24e5e2e907188fc45851d2e91697f21a) Importer(815301076,1909f56bfc062723c751e8b465ee728b)
Start importing Assets/SONAT/MapPalette.prefab using Guid(24e5e2e907188fc45851d2e91697f21a) Importer(815301076,1909f56bfc062723c751e8b465ee728b) (PreviewImporter) -> (artifact id: '8f6fa9cc18fc6205948082878430c3dc') in 3.7820696 seconds
Number of updated asset objects reloaded before import = 0Number of asset objects unloaded after import = 10

========================================================================
Received Import Request.
  Time since last request: 266.599024 seconds.
  path: Assets/SONAT/floor_tiles_18_1k/floor_tiles_18_basecolor_1k.png
  artifactKey: Guid(05833fc6129c0dd479114413984732b0) Importer(815301076,1909f56bfc062723c751e8b465ee728b)
Start importing Assets/SONAT/floor_tiles_18_1k/floor_tiles_18_basecolor_1k.png using Guid(05833fc6129c0dd479114413984732b0) Importer(815301076,1909f56bfc062723c751e8b465ee728b) (PreviewImporter) -> (artifact id: '6c1cd492a7d78722c9985a828a3b2d7d') in 0.2710294 seconds
Number of updated asset objects reloaded before import = 0Number of asset objects unloaded after import = 2

========================================================================
Received Import Request.
  Time since last request: 0.000093 seconds.
  path: Assets/SONAT/floor_tiles_18_1k/floor_tiles_18_normal_dx_1k.png
  artifactKey: Guid(a0e0b083375285140bd50c3b4792b83c) Importer(815301076,1909f56bfc062723c751e8b465ee728b)
Start importing Assets/SONAT/floor_tiles_18_1k/floor_tiles_18_normal_dx_1k.png using Guid(a0e0b083375285140bd50c3b4792b83c) Importer(815301076,1909f56bfc062723c751e8b465ee728b) (PreviewImporter) -> (artifact id: '982de62b4f06dab1cd66d27e2913080a') in 0.0470626 seconds
Number of updated asset objects reloaded before import = 0Number of asset objects unloaded after import = 2

========================================================================
Received Import Request.
  Time since last request: 0.000196 seconds.
  path: Assets/SONAT/floor_tiles_18_1k/floor_tiles_18_metallic_1k.png
  artifactKey: Guid(9a80adaf816c8c44dbbf336a58727b21) Importer(815301076,1909f56bfc062723c751e8b465ee728b)
Start importing Assets/SONAT/floor_tiles_18_1k/floor_tiles_18_metallic_1k.png using Guid(9a80adaf816c8c44dbbf336a58727b21) Importer(815301076,1909f56bfc062723c751e8b465ee728b) (PreviewImporter) -> (artifact id: '488f805cc51e3a703b120089f20b1eb0') in 0.1631878 seconds
Number of updated asset objects reloaded before import = 0Number of asset objects unloaded after import = 2

========================================================================
Received Import Request.
  Time since last request: 0.000049 seconds.
  path: Assets/SONAT/floor_tiles_18_1k/floor_tiles_18_roughness_1k.png
  artifactKey: Guid(37b1aa1c203c2a04990c735e9fce57c2) Importer(815301076,1909f56bfc062723c751e8b465ee728b)
Start importing Assets/SONAT/floor_tiles_18_1k/floor_tiles_18_roughness_1k.png using Guid(37b1aa1c203c2a04990c735e9fce57c2) Importer(815301076,1909f56bfc062723c751e8b465ee728b) (PreviewImporter) -> (artifact id: 'e1157574974dae8515c37127e2b07678') in 0.0211744 seconds
Number of updated asset objects reloaded before import = 0Number of asset objects unloaded after import = 2

========================================================================
Received Import Request.
  Time since last request: 0.000065 seconds.
  path: Assets/SONAT/floor_tiles_18_1k/floor_tiles_18_height_1k.png
  artifactKey: Guid(4a1b65c2a9981c24bbf506f195a2d8a5) Importer(815301076,1909f56bfc062723c751e8b465ee728b)
Start importing Assets/SONAT/floor_tiles_18_1k/floor_tiles_18_height_1k.png using Guid(4a1b65c2a9981c24bbf506f195a2d8a5) Importer(815301076,1909f56bfc062723c751e8b465ee728b) (PreviewImporter) -> (artifact id: '8a4135196f52607b720d7e23619a24b3') in 0.1225453 seconds
Number of updated asset objects reloaded before import = 0Number of asset objects unloaded after import = 2

========================================================================
Received Import Request.
  Time since last request: 47.062519 seconds.
  path: Assets/SONAT/floor_tiles_18_1k/floor_tiles_18_basecolor_1k.png
  artifactKey: Guid(05833fc6129c0dd479114413984732b0) Importer(815301076,1909f56bfc062723c751e8b465ee728b)
Start importing Assets/SONAT/floor_tiles_18_1k/floor_tiles_18_basecolor_1k.png using Guid(05833fc6129c0dd479114413984732b0) Importer(815301076,1909f56bfc062723c751e8b465ee728b) (PreviewImporter) -> (artifact id: '4d78165aac14616c4708878f77d9516c') in 0.1048354 seconds
Number of updated asset objects reloaded before import = 0Number of asset objects unloaded after import = 2

========================================================================
Received Import Request.
  Time since last request: 0.000122 seconds.
  path: Assets/SONAT/floor_tiles_18_1k/floor_tiles_18_normal_gl_1k.png
  artifactKey: Guid(ec7ed3cac00c7a040962763422003b1f) Importer(815301076,1909f56bfc062723c751e8b465ee728b)
Start importing Assets/SONAT/floor_tiles_18_1k/floor_tiles_18_normal_gl_1k.png using Guid(ec7ed3cac00c7a040962763422003b1f) Importer(815301076,1909f56bfc062723c751e8b465ee728b) (PreviewImporter) -> (artifact id: '189ba8e5cd131f7c5010efd97371d5e1') in 0.033436 seconds
Number of updated asset objects reloaded before import = 0Number of asset objects unloaded after import = 2

========================================================================
Received Import Request.
  Time since last request: 36.060030 seconds.
  path: Assets/SONAT/floor_tiles_18_1k/floor_tiles_18_height_1k.png
  artifactKey: Guid(4a1b65c2a9981c24bbf506f195a2d8a5) Importer(815301076,1909f56bfc062723c751e8b465ee728b)
Start importing Assets/SONAT/floor_tiles_18_1k/floor_tiles_18_height_1k.png using Guid(4a1b65c2a9981c24bbf506f195a2d8a5) Importer(815301076,1909f56bfc062723c751e8b465ee728b) (PreviewImporter) -> (artifact id: '956646a9061a4869fab73f9d889774be') in 0.033171 seconds
Number of updated asset objects reloaded before import = 0Number of asset objects unloaded after import = 2

========================================================================
Received Import Request.
  Time since last request: 0.000054 seconds.
  path: Assets/SONAT/floor_tiles_18_1k/floor_tiles_18_normal_dx_1k.png
  artifactKey: Guid(a0e0b083375285140bd50c3b4792b83c) Importer(815301076,1909f56bfc062723c751e8b465ee728b)
Start importing Assets/SONAT/floor_tiles_18_1k/floor_tiles_18_normal_dx_1k.png using Guid(a0e0b083375285140bd50c3b4792b83c) Importer(815301076,1909f56bfc062723c751e8b465ee728b) (PreviewImporter) -> (artifact id: '570a0c6fb62e96dd8ee9552793a8d5d2') in 0.0506232 seconds
Number of updated asset objects reloaded before import = 0Number of asset objects unloaded after import = 2

========================================================================
Received Import Request.
  Time since last request: 156.721983 seconds.
  path: Assets/SONAT/floor_tiles_18_1k/floor_tiles_18_m_ao_h_r_1k.png
  artifactKey: Guid(dabcd30ef8b72cc4fb967962aafd2cc7) Importer(815301076,1909f56bfc062723c751e8b465ee728b)
Start importing Assets/SONAT/floor_tiles_18_1k/floor_tiles_18_m_ao_h_r_1k.png using Guid(dabcd30ef8b72cc4fb967962aafd2cc7) Importer(815301076,1909f56bfc062723c751e8b465ee728b) (PreviewImporter) -> (artifact id: '5c89e8bd74167e889f196900addc6367') in 0.1874585 seconds
Number of updated asset objects reloaded before import = 0Number of asset objects unloaded after import = 3

========================================================================
Received Import Request.
  Time since last request: 0.000068 seconds.
  path: Assets/SONAT/floor_tiles_18_1k/floor_tiles_18_normal_dx_1k.png
  artifactKey: Guid(a0e0b083375285140bd50c3b4792b83c) Importer(815301076,1909f56bfc062723c751e8b465ee728b)
Start importing Assets/SONAT/floor_tiles_18_1k/floor_tiles_18_normal_dx_1k.png using Guid(a0e0b083375285140bd50c3b4792b83c) Importer(815301076,1909f56bfc062723c751e8b465ee728b) (PreviewImporter) -> (artifact id: 'ecbb034b88a1a9006310c2316987371d') in 0.1328803 seconds
Number of updated asset objects reloaded before import = 0Number of asset objects unloaded after import = 3

========================================================================
Received Import Request.
  Time since last request: 0.000740 seconds.
  path: Assets/SONAT/floor_tiles_18_1k/floor_tiles_18_normal_gl_1k.png
  artifactKey: Guid(ec7ed3cac00c7a040962763422003b1f) Importer(815301076,1909f56bfc062723c751e8b465ee728b)
Start importing Assets/SONAT/floor_tiles_18_1k/floor_tiles_18_normal_gl_1k.png using Guid(ec7ed3cac00c7a040962763422003b1f) Importer(815301076,1909f56bfc062723c751e8b465ee728b) (PreviewImporter) -> (artifact id: '88c7b898ae0c7079a197690c865db228') in 0.0324068 seconds
Number of updated asset objects reloaded before import = 0Number of asset objects unloaded after import = 3

========================================================================
Received Import Request.
  Time since last request: 0.000045 seconds.
  path: Assets/SONAT/floor_tiles_18_1k/floor_tiles_18_basecolor_1k.png
  artifactKey: Guid(05833fc6129c0dd479114413984732b0) Importer(815301076,1909f56bfc062723c751e8b465ee728b)
Start importing Assets/SONAT/floor_tiles_18_1k/floor_tiles_18_basecolor_1k.png using Guid(05833fc6129c0dd479114413984732b0) Importer(815301076,1909f56bfc062723c751e8b465ee728b) (PreviewImporter) -> (artifact id: 'd820569883838943698ae8745018e750') in 0.0398823 seconds
Number of updated asset objects reloaded before import = 0Number of asset objects unloaded after import = 3

Editor requested this worker to shutdown with reason: Scaling down because of idle timeout
AssetImportWorker is now disconnected from the server
Process exiting
Exiting without the bug reporter. Application will terminate with return code 0