Using pre-set license
Built from '6000.0/staging' branch; Version is '6000.0.32f1 (b2e806cf271c) revision 11724806'; Using compiler version '193933523'; Build Type 'Release'
OS: 'Windows 10  (10.0.19042) 64bit CoreSingleLanguage' Language: 'tr' Physical Memory: 8106 MB
BatchMode: 1, IsHumanControllingUs: 0, StartBugReporterOnCrash: 0, Is64bit: 1, IsPro: 1

COMMAND LINE ARGUMENTS:
C:\6000.0.32f1\Editor\Unity.exe
-adb2
-batchMode
-noUpm
-name
AssetImportWorker2
-projectPath
C:/Users/User/DolandirJAM/DolandirJAM
-logFile
Logs/AssetImportWorker2.log
-srvPort
50520
-job-worker-count
1
-background-job-worker-count
8
-gc-helper-count
1
Successfully changed project path to: C:/Users/User/DolandirJAM/DolandirJAM
C:/Users/User/DolandirJAM/DolandirJAM
[UnityMemory] Configuration Parameters - Can be set up in boot.config
    "memorysetup-bucket-allocator-granularity=16"
    "memorysetup-bucket-allocator-bucket-count=8"
    "memorysetup-bucket-allocator-block-size=33554432"
    "memorysetup-bucket-allocator-block-count=8"
    "memorysetup-main-allocator-block-size=16777216"
    "memorysetup-thread-allocator-block-size=16777216"
    "memorysetup-gfx-main-allocator-block-size=16777216"
    "memorysetup-gfx-thread-allocator-block-size=16777216"
    "memorysetup-cache-allocator-block-size=4194304"
    "memorysetup-typetree-allocator-block-size=2097152"
    "memorysetup-profiler-bucket-allocator-granularity=16"
    "memorysetup-profiler-bucket-allocator-bucket-count=8"
    "memorysetup-profiler-bucket-allocator-block-size=33554432"
    "memorysetup-profiler-bucket-allocator-block-count=8"
    "memorysetup-profiler-allocator-block-size=16777216"
    "memorysetup-profiler-editor-allocator-block-size=1048576"
    "memorysetup-temp-allocator-size-main=16777216"
    "memorysetup-job-temp-allocator-block-size=2097152"
    "memorysetup-job-temp-allocator-block-size-background=1048576"
    "memorysetup-job-temp-allocator-reduction-small-platforms=262144"
    "memorysetup-allocator-temp-initial-block-size-main=262144"
    "memorysetup-allocator-temp-initial-block-size-worker=262144"
    "memorysetup-temp-allocator-size-background-worker=32768"
    "memorysetup-temp-allocator-size-job-worker=262144"
    "memorysetup-temp-allocator-size-preload-manager=33554432"
    "memorysetup-temp-allocator-size-nav-mesh-worker=65536"
    "memorysetup-temp-allocator-size-audio-worker=65536"
    "memorysetup-temp-allocator-size-cloud-worker=32768"
    "memorysetup-temp-allocator-size-gi-baking-worker=262144"
    "memorysetup-temp-allocator-size-gi-baking-worker=262144"
    "memorysetup-temp-allocator-size-gi-baking-worker=262144"
    "memorysetup-temp-allocator-size-gi-baking-worker=262144"
    "memorysetup-temp-allocator-size-gi-baking-worker=262144"
    "memorysetup-temp-allocator-size-gfx=262144"
Player connection [7604]  Target information:

Player connection [7604]  * "[IP] 10.200.125.182 [Port] 0 [Flags] 2 [Guid] 4229670245 [EditorId] 4229670245 [Version] 1048832 [Id] WindowsEditor(7,DESKTOP-48DF9R6) [Debug] 1 [PackageName] WindowsEditor [ProjectName] Editor" 

Player connection [7604]  * "[IP] 192.168.56.1 [Port] 0 [Flags] 2 [Guid] 4229670245 [EditorId] 4229670245 [Version] 1048832 [Id] WindowsEditor(7,DESKTOP-48DF9R6) [Debug] 1 [PackageName] WindowsEditor [ProjectName] Editor" 

Player connection [7604] Host joined multi-casting on [225.0.0.222:54997]...
Player connection [7604] Host joined alternative multi-casting on [225.0.0.222:34997]...
JobSystem: Creating JobQueue using job-worker-count value 1
[Physics::Module] Initialized fallback backend.
[Physics::Module] Id: 0xdecafbad
Library Redirect Path: Library/
[Physics::Module] Selected backend.
[Physics::Module] Name: PhysX
[Physics::Module] Id: 0xf2b8ea05
[Physics::Module] SDK Version: 4.1.2
[Physics::Module] Integration Version: 1.0.0
[Physics::Module] Threading Mode: Multi-Threaded
Refreshing native plugins compatible for Editor in 100.53 ms, found 4 plugins.
Preloading 0 native plugins for Editor in 0.00 ms.
Initialize engine version: 6000.0.32f1 (b2e806cf271c)
[Subsystems] Discovering subsystems at path C:/6000.0.32f1/Editor/Data/Resources/UnitySubsystems
[Subsystems] Discovering subsystems at path C:/Users/User/DolandirJAM/DolandirJAM/Assets
GfxDevice: creating device client; kGfxThreadingModeNonThreaded
Direct3D:
    Version:  Direct3D 11.0 [level 11.0]
    Renderer: NVIDIA GeForce 930M (ID=0x1346)
    Vendor:   NVIDIA
    VRAM:     2001 MB
    Driver:   32.0.15.6636
Shader Hidden/ProbeVolume/VoxelizeScene is not supported: GPU does not support conservative rasterization
Initialize mono
Mono path[0] = 'C:/6000.0.32f1/Editor/Data/Managed'
Mono path[1] = 'C:/6000.0.32f1/Editor/Data/MonoBleedingEdge/lib/mono/unityjit-win32'
Mono config path = 'C:/6000.0.32f1/Editor/Data/MonoBleedingEdge/etc'
Using monoOptions --debugger-agent=transport=dt_socket,embedding=1,server=y,suspend=n,address=127.0.0.1:56444
Begin MonoManager ReloadAssembly
Registering precompiled unity dll's ...
Register platform support module: C:/6000.0.32f1/Editor/Data/PlaybackEngines/WindowsStandaloneSupport/UnityEditor.WindowsStandalone.Extensions.dll
Registered in 0.012870 seconds.
- Loaded All Assemblies, in  3.280 seconds
Native extension for WindowsStandalone target not found
Mono: successfully reloaded assembly
- Finished resetting the current domain, in  1.225 seconds
Domain Reload Profiling: 4495ms
	BeginReloadAssembly (2010ms)
		ExecutionOrderSort (0ms)
		DisableScriptedObjects (0ms)
		BackupInstance (0ms)
		ReleaseScriptingObjects (0ms)
		CreateAndSetChildDomain (2ms)
	RebuildCommonClasses (265ms)
	RebuildNativeTypeToScriptingClass (70ms)
	initialDomainReloadingComplete (196ms)
	LoadAllAssembliesAndSetupDomain (729ms)
		LoadAssemblies (1997ms)
		RebuildTransferFunctionScriptingTraits (0ms)
		AnalyzeDomain (720ms)
			TypeCache.Refresh (716ms)
				TypeCache.ScanAssembly (661ms)
			BuildScriptInfoCaches (0ms)
			ResolveRequiredComponents (1ms)
	FinalizeReload (1226ms)
		ReleaseScriptCaches (0ms)
		RebuildScriptCaches (0ms)
		SetupLoadedEditorAssemblies (1003ms)
			LogAssemblyErrors (0ms)
			InitializePlatformSupportModulesInManaged (94ms)
			SetLoadedEditorAssemblies (13ms)
			BeforeProcessingInitializeOnLoad (188ms)
			ProcessInitializeOnLoadAttributes (553ms)
			ProcessInitializeOnLoadMethodAttributes (156ms)
			AfterProcessingInitializeOnLoad (0ms)
			EditorAssembliesLoaded (0ms)
		ExecutionOrderSort2 (0ms)
		AwakeInstancesAfterBackupRestoration (0ms)
========================================================================
Worker process is ready to serve import requests
Import Worker Mode flag is 0x00
Begin MonoManager ReloadAssembly
- Loaded All Assemblies, in  3.041 seconds
Refreshing native plugins compatible for Editor in 5.08 ms, found 4 plugins.
Native extension for WindowsStandalone target not found
Mono: successfully reloaded assembly
- Finished resetting the current domain, in  2.365 seconds
Domain Reload Profiling: 5386ms
	BeginReloadAssembly (418ms)
		ExecutionOrderSort (0ms)
		DisableScriptedObjects (18ms)
		BackupInstance (0ms)
		ReleaseScriptingObjects (0ms)
		CreateAndSetChildDomain (61ms)
	RebuildCommonClasses (100ms)
	RebuildNativeTypeToScriptingClass (33ms)
	initialDomainReloadingComplete (113ms)
	LoadAllAssembliesAndSetupDomain (2356ms)
		LoadAssemblies (1517ms)
		RebuildTransferFunctionScriptingTraits (0ms)
		AnalyzeDomain (1070ms)
			TypeCache.Refresh (824ms)
				TypeCache.ScanAssembly (778ms)
			BuildScriptInfoCaches (209ms)
			ResolveRequiredComponents (30ms)
	FinalizeReload (2366ms)
		ReleaseScriptCaches (0ms)
		RebuildScriptCaches (0ms)
		SetupLoadedEditorAssemblies (1949ms)
			LogAssemblyErrors (0ms)
			InitializePlatformSupportModulesInManaged (4ms)
			SetLoadedEditorAssemblies (13ms)
			BeforeProcessingInitializeOnLoad (543ms)
			ProcessInitializeOnLoadAttributes (1043ms)
			ProcessInitializeOnLoadMethodAttributes (321ms)
			AfterProcessingInitializeOnLoad (24ms)
			EditorAssembliesLoaded (1ms)
		ExecutionOrderSort2 (0ms)
		AwakeInstancesAfterBackupRestoration (16ms)
Shader Hidden/ProbeVolume/VoxelizeScene is not supported: GPU does not support conservative rasterization
Launched and connected shader compiler UnityShaderCompiler.exe after 0.02 seconds
Refreshing native plugins compatible for Editor in 6.97 ms, found 4 plugins.
Preloading 0 native plugins for Editor in 0.00 ms.
Unloading 213 Unused Serialized files (Serialized files now loaded: 0)
Unloading 6743 unused Assets / (3.6 MB). Loaded Objects now: 7436.
Memory consumption went from 167.6 MB to 163.9 MB.
Total: 21.026100 ms (FindLiveObjects: 1.630400 ms CreateObjectMapping: 1.928400 ms MarkObjects: 11.991500 ms  DeleteObjects: 5.473500 ms)

========================================================================
Received Import Request.
  Time since last request: 521040.497636 seconds.
  path: Assets/SONAT/floor_tiles_18_1k/floor_tiles_18_m_ao_h_r_1k.png
  artifactKey: Guid(dabcd30ef8b72cc4fb967962aafd2cc7) Importer(815301076,1909f56bfc062723c751e8b465ee728b)
Start importing Assets/SONAT/floor_tiles_18_1k/floor_tiles_18_m_ao_h_r_1k.png using Guid(dabcd30ef8b72cc4fb967962aafd2cc7) Importer(815301076,1909f56bfc062723c751e8b465ee728b) (PreviewImporter) -> (artifact id: '2d766666d117dd3765b46eb45854439c') in 0.2302002 seconds
Number of updated asset objects reloaded before import = 0Number of asset objects unloaded after import = 2

========================================================================
Received Import Request.
  Time since last request: 0.000048 seconds.
  path: Assets/SONAT/floor_tiles_18_1k/floor_tiles_18_metallic_1k.png
  artifactKey: Guid(9a80adaf816c8c44dbbf336a58727b21) Importer(815301076,1909f56bfc062723c751e8b465ee728b)
Start importing Assets/SONAT/floor_tiles_18_1k/floor_tiles_18_metallic_1k.png using Guid(9a80adaf816c8c44dbbf336a58727b21) Importer(815301076,1909f56bfc062723c751e8b465ee728b) (PreviewImporter) -> (artifact id: '21cb88654d7fe1332f4545edb65297c7') in 0.0194831 seconds
Number of updated asset objects reloaded before import = 0Number of asset objects unloaded after import = 2

========================================================================
Received Import Request.
  Time since last request: 0.005514 seconds.
  path: Assets/SONAT/floor_tiles_18_1k/floor_tiles_18_roughness_1k.png
  artifactKey: Guid(37b1aa1c203c2a04990c735e9fce57c2) Importer(815301076,1909f56bfc062723c751e8b465ee728b)
Start importing Assets/SONAT/floor_tiles_18_1k/floor_tiles_18_roughness_1k.png using Guid(37b1aa1c203c2a04990c735e9fce57c2) Importer(815301076,1909f56bfc062723c751e8b465ee728b) (PreviewImporter) -> (artifact id: 'ce44ba639b334dacb642929805d00aec') in 0.0227064 seconds
Number of updated asset objects reloaded before import = 0Number of asset objects unloaded after import = 2

========================================================================
Received Import Request.
  Time since last request: 35.879923 seconds.
  path: Assets/SONAT/floor_tiles_18_1k/floor_tiles_18_m_ao_h_r_1k.png
  artifactKey: Guid(dabcd30ef8b72cc4fb967962aafd2cc7) Importer(815301076,1909f56bfc062723c751e8b465ee728b)
Start importing Assets/SONAT/floor_tiles_18_1k/floor_tiles_18_m_ao_h_r_1k.png using Guid(dabcd30ef8b72cc4fb967962aafd2cc7) Importer(815301076,1909f56bfc062723c751e8b465ee728b) (PreviewImporter) -> (artifact id: '8513b885ec827f54a9d72d039a23ff65') in 0.0214428 seconds
Number of updated asset objects reloaded before import = 0Number of asset objects unloaded after import = 2

========================================================================
Received Import Request.
  Time since last request: 0.000046 seconds.
  path: Assets/SONAT/floor_tiles_18_1k/floor_tiles_18_ambientocclusion_1k.png
  artifactKey: Guid(4fb0ca00453a8444699c85ed11f3c032) Importer(815301076,1909f56bfc062723c751e8b465ee728b)
Start importing Assets/SONAT/floor_tiles_18_1k/floor_tiles_18_ambientocclusion_1k.png using Guid(4fb0ca00453a8444699c85ed11f3c032) Importer(815301076,1909f56bfc062723c751e8b465ee728b) (PreviewImporter) -> (artifact id: 'fe3e05d86e523a13380527217e61e9e9') in 0.0340163 seconds
Number of updated asset objects reloaded before import = 0Number of asset objects unloaded after import = 2

Editor requested this worker to shutdown with reason: Scaling down because of idle timeout
AssetImportWorkerClient::OnTransportError - code=2 error=End of file
AssetImportWorker is now disconnected from the server
Process exiting
Exiting without the bug reporter. Application will terminate with return code 0